<?xml version="1.0" encoding="UTF-8"?>
<!-- Generated by org.testng.reporters.JUnitReportReporter -->
<testsuite hostname="QSP" failures="0" tests="1" name="scripts.Addthecoursetocart" time="53.505" errors="0" timestamp="2021-06-05T08:03:30 IST" skipped="0">
  <testcase classname="scripts.Addthecoursetocart" name="tc1" time="53.505"/>
</testsuite> <!-- scripts.Addthecoursetocart -->
