<?xml version="1.0" encoding="UTF-8"?>
<!-- Generated by org.testng.reporters.JUnitReportReporter -->
<testsuite hostname="QSP" failures="0" tests="1" name="scripts.Facebooklike" time="106.355" errors="0" timestamp="2021-06-05T08:03:30 IST" skipped="0">
  <testcase classname="scripts.Facebooklike" name="tc2" time="106.355"/>
</testsuite> <!-- scripts.Facebooklike -->
